========= Beginning preprocessing pipeline for tuh_eeg_abnormal_eval =========
Loading dataset from /lhome/oskarsto/repos/master-eeg-trans/datasets/TUH/tuh_eeg_abnormal/v3.0.0/edf/eval:

  0%|          | 0/276 [00:00<?, ?it/s]
  6%|▌         | 16/276 [00:01<00:27,  9.45it/s]
 12%|█▏        | 32/276 [00:01<00:11, 21.10it/s]
 52%|█████▏    | 144/276 [00:01<00:01, 127.85it/s]
 75%|███████▌  | 208/276 [00:02<00:00, 164.45it/s]
100%|██████████| 276/276 [00:02<00:00, 124.53it/s]
Loaded 276 files.
Start selecting samples with duration over 30 sec
Windowing dataset...
Dropping short recordings and excluded channels:
Kept  276 recordings
Rescaling to microVolts...
Applying preprocessors to dataset:

  0%|          | 0/276 [00:00<?, ?it/s]Reading 0 ... 298749  =      0.000 ...  1194.996 secs...
Reading 0 ... 297499  =      0.000 ...  1189.996 secs...
Reading 0 ... 297499  =      0.000 ...  1189.996 secs...
Reading 0 ... 301499  =      0.000 ...  1205.996 secs...
Reading 0 ... 350499  =      0.000 ...  1401.996 secs...
Reading 0 ... 755749  =      0.000 ...  3022.996 secs...
Reading 0 ... 286749  =      0.000 ...  1146.996 secs...
Reading 0 ... 365749  =      0.000 ...  1462.996 secs...

  6%|▌         | 16/276 [00:00<00:08, 29.15it/s]
  9%|▊         | 24/276 [00:01<00:13, 18.65it/s]
 12%|█▏        | 32/276 [00:01<00:16, 15.23it/s]
 14%|█▍        | 40/276 [00:02<00:17, 13.51it/s]
 17%|█▋        | 48/276 [00:03<00:16, 13.45it/s]
 20%|██        | 56/276 [00:03<00:16, 13.51it/s]
 23%|██▎       | 64/276 [00:04<00:15, 13.62it/s]
 26%|██▌       | 72/276 [00:04<00:15, 13.27it/s]
 29%|██▉       | 80/276 [00:05<00:14, 13.84it/s]
 32%|███▏      | 88/276 [00:06<00:13, 14.29it/s]
 35%|███▍      | 96/276 [00:06<00:13, 13.84it/s]
 38%|███▊      | 104/276 [00:07<00:14, 12.16it/s]
 41%|████      | 112/276 [00:08<00:13, 12.59it/s]
 43%|████▎     | 120/276 [00:08<00:12, 12.88it/s]
 46%|████▋     | 128/276 [00:09<00:11, 13.40it/s]
 49%|████▉     | 136/276 [00:09<00:10, 13.33it/s]
 52%|█████▏    | 144/276 [00:10<00:10, 12.78it/s]
 55%|█████▌    | 152/276 [00:11<00:09, 12.75it/s]
 58%|█████▊    | 160/276 [00:11<00:09, 12.50it/s]
 61%|██████    | 168/276 [00:12<00:08, 12.83it/s]
 64%|██████▍   | 176/276 [00:12<00:07, 13.45it/s]
 67%|██████▋   | 184/276 [00:13<00:06, 14.13it/s]
 70%|██████▉   | 192/276 [00:13<00:05, 14.81it/s]
 72%|███████▏  | 200/276 [00:14<00:05, 14.99it/s]
 75%|███████▌  | 208/276 [00:14<00:04, 15.45it/s]
 78%|███████▊  | 216/276 [00:15<00:04, 13.73it/s]
 81%|████████  | 224/276 [00:16<00:03, 13.69it/s]
 84%|████████▍ | 232/276 [00:16<00:03, 14.59it/s]
 87%|████████▋ | 240/276 [00:17<00:02, 14.78it/s]
 90%|████████▉ | 248/276 [00:17<00:02, 13.93it/s]
 93%|█████████▎| 256/276 [00:18<00:01, 13.46it/s]
 96%|█████████▌| 264/276 [00:18<00:00, 14.22it/s]
 99%|█████████▊| 272/276 [00:19<00:00, 14.54it/s]
100%|██████████| 276/276 [00:19<00:00, 14.14it/s]
Loading concat dataset from /lhome/oskarsto/repos/master-eeg-trans/datasets/TUH/abnormal_eval_pre/temp, preload=False

  0%|          | 0/276 [00:00<?, ?it/s]
  1%|▏         | 4/276 [00:00<00:07, 36.18it/s]
  3%|▎         | 9/276 [00:00<00:06, 39.92it/s]
  5%|▌         | 15/276 [00:00<00:05, 45.91it/s]
  7%|▋         | 18/276 [00:00<00:09, 26.81it/s]
  8%|▊         | 23/276 [00:00<00:07, 31.93it/s]
 11%|█         | 29/276 [00:00<00:06, 37.63it/s]
 13%|█▎        | 35/276 [00:00<00:05, 42.48it/s]
 15%|█▍        | 41/276 [00:01<00:05, 45.89it/s]
 17%|█▋        | 47/276 [00:01<00:04, 47.39it/s]
 19%|█▉        | 53/276 [00:01<00:04, 49.50it/s]
 21%|██▏       | 59/276 [00:01<00:04, 50.45it/s]
 22%|██▏       | 62/276 [00:01<00:06, 31.76it/s]
 25%|██▍       | 68/276 [00:01<00:05, 36.58it/s]
 27%|██▋       | 74/276 [00:01<00:04, 41.43it/s]
 29%|██▊       | 79/276 [00:01<00:04, 41.87it/s]
 30%|███       | 84/276 [00:02<00:04, 43.12it/s]
 33%|███▎      | 90/276 [00:02<00:03, 46.50it/s]
 35%|███▍      | 96/276 [00:02<00:03, 48.77it/s]
 37%|███▋      | 102/276 [00:02<00:03, 51.01it/s]
 39%|███▉      | 108/276 [00:02<00:03, 52.55it/s]
 41%|████▏     | 114/276 [00:02<00:02, 54.26it/s]
 42%|████▏     | 117/276 [00:02<00:03, 39.99it/s]
 45%|████▍     | 123/276 [00:02<00:03, 43.44it/s]
 46%|████▋     | 128/276 [00:02<00:03, 44.52it/s]
 49%|████▊     | 134/276 [00:03<00:02, 47.49it/s]
 50%|█████     | 139/276 [00:03<00:02, 47.66it/s]
 53%|█████▎    | 145/276 [00:03<00:02, 49.81it/s]
 55%|█████▌    | 152/276 [00:03<00:02, 53.14it/s]
 57%|█████▋    | 158/276 [00:03<00:02, 54.07it/s]
 59%|█████▉    | 164/276 [00:03<00:02, 54.72it/s]
 62%|██████▏   | 170/276 [00:03<00:01, 55.65it/s]
 64%|██████▍   | 176/276 [00:03<00:01, 56.63it/s]
 66%|██████▋   | 183/276 [00:04<00:02, 39.37it/s]
 68%|██████▊   | 189/276 [00:04<00:02, 42.39it/s]
 71%|███████   | 195/276 [00:04<00:01, 45.68it/s]
 72%|███████▏  | 200/276 [00:04<00:01, 44.71it/s]
 75%|███████▌  | 207/276 [00:04<00:01, 48.94it/s]
 78%|███████▊  | 214/276 [00:04<00:01, 52.09it/s]
 80%|███████▉  | 220/276 [00:04<00:01, 51.84it/s]
 82%|████████▏ | 226/276 [00:04<00:00, 52.16it/s]
 84%|████████▍ | 232/276 [00:05<00:00, 52.25it/s]
 86%|████████▌ | 238/276 [00:05<00:00, 52.98it/s]
 88%|████████▊ | 244/276 [00:05<00:00, 53.10it/s]
 91%|█████████ | 250/276 [00:05<00:00, 53.30it/s]
 93%|█████████▎| 256/276 [00:05<00:00, 54.36it/s]
 94%|█████████▍| 259/276 [00:05<00:00, 37.46it/s]
 96%|█████████▌| 265/276 [00:05<00:00, 41.88it/s]
 98%|█████████▊| 271/276 [00:05<00:00, 46.09it/s]
100%|██████████| 276/276 [00:05<00:00, 46.15it/s]
Done rescaling to microVolts
Splitting dataset into windows:

  0%|          | 0/276 [00:00<?, ?it/s]
  6%|▌         | 16/276 [00:00<00:02, 89.25it/s]
 12%|█▏        | 32/276 [00:00<00:03, 80.75it/s]
 17%|█▋        | 48/276 [00:00<00:04, 53.08it/s]
 23%|██▎       | 64/276 [00:01<00:04, 49.84it/s]
 29%|██▉       | 80/276 [00:01<00:03, 51.25it/s]
 35%|███▍      | 96/276 [00:01<00:03, 53.32it/s]
 41%|████      | 112/276 [00:02<00:03, 42.45it/s]
 46%|████▋     | 128/276 [00:02<00:03, 39.02it/s]
 52%|█████▏    | 144/276 [00:03<00:03, 38.69it/s]
 58%|█████▊    | 160/276 [00:03<00:03, 38.42it/s]
 64%|██████▍   | 176/276 [00:03<00:02, 39.68it/s]
 70%|██████▉   | 192/276 [00:04<00:02, 40.14it/s]
 75%|███████▌  | 208/276 [00:04<00:01, 42.49it/s]
 81%|████████  | 224/276 [00:05<00:01, 43.31it/s]
 87%|████████▋ | 240/276 [00:05<00:00, 36.28it/s]
 93%|█████████▎| 256/276 [00:06<00:00, 37.11it/s]
 99%|█████████▊| 272/276 [00:06<00:00, 38.58it/s]
100%|██████████| 276/276 [00:06<00:00, 42.88it/s]
Dropping all recordings with 0 good windows...
Kept 275 recordings
Applying preprocessors to dataset:

  0%|          | 0/275 [00:00<?, ?it/s]
  6%|▌         | 16/275 [00:01<00:20, 12.40it/s]
  9%|▊         | 24/275 [00:02<00:28,  8.72it/s]
 12%|█▏        | 32/275 [00:03<00:31,  7.60it/s]
 15%|█▍        | 40/275 [00:05<00:33,  7.06it/s]
 17%|█▋        | 48/275 [00:06<00:34,  6.63it/s]
 20%|██        | 56/275 [00:07<00:33,  6.58it/s]
 23%|██▎       | 64/275 [00:08<00:32,  6.53it/s]
 26%|██▌       | 72/275 [00:10<00:31,  6.43it/s]
 29%|██▉       | 80/275 [00:11<00:30,  6.41it/s]
 32%|███▏      | 88/275 [00:12<00:29,  6.40it/s]
 35%|███▍      | 96/275 [00:14<00:28,  6.36it/s]
 38%|███▊      | 104/275 [00:15<00:26,  6.38it/s]
 41%|████      | 112/275 [00:16<00:26,  6.11it/s]
 44%|████▎     | 120/275 [00:17<00:25,  6.19it/s]
 47%|████▋     | 128/275 [00:19<00:23,  6.24it/s]
 49%|████▉     | 136/275 [00:20<00:22,  6.32it/s]
 52%|█████▏    | 144/275 [00:21<00:20,  6.34it/s]
 55%|█████▌    | 152/275 [00:23<00:19,  6.26it/s]
 58%|█████▊    | 160/275 [00:24<00:18,  6.16it/s]
 61%|██████    | 168/275 [00:25<00:17,  6.11it/s]
 64%|██████▍   | 176/275 [00:27<00:16,  6.03it/s]
 67%|██████▋   | 184/275 [00:28<00:15,  6.06it/s]
 70%|██████▉   | 192/275 [00:29<00:13,  6.09it/s]
 73%|███████▎  | 200/275 [00:31<00:12,  6.03it/s]
 76%|███████▌  | 208/275 [00:32<00:10,  6.10it/s]
 79%|███████▊  | 216/275 [00:33<00:09,  6.00it/s]
 81%|████████▏ | 224/275 [00:35<00:08,  6.03it/s]
 84%|████████▍ | 232/275 [00:36<00:07,  6.04it/s]
 87%|████████▋ | 240/275 [00:37<00:05,  6.08it/s]
 90%|█████████ | 248/275 [00:38<00:04,  6.08it/s]
 93%|█████████▎| 256/275 [00:40<00:03,  6.07it/s]
 96%|█████████▌| 264/275 [00:41<00:01,  6.13it/s]
 99%|█████████▉| 272/275 [00:42<00:00,  6.18it/s]
100%|██████████| 275/275 [00:42<00:00,  6.42it/s]
========= Beginning preprocessing pipeline for tuh_eeg_abnormal_train =========
Loading dataset from /lhome/oskarsto/repos/master-eeg-trans/datasets/TUH/tuh_eeg_abnormal/v3.0.0/edf/train:

  0%|          | 0/2717 [00:00<?, ?it/s]
  5%|▍         | 127/2717 [00:00<00:02, 1269.85it/s]
 14%|█▎        | 368/2717 [00:00<00:01, 1527.34it/s]
 18%|█▊        | 496/2717 [00:00<00:01, 1387.58it/s]
 28%|██▊       | 752/2717 [00:00<00:01, 1753.82it/s]
 37%|███▋      | 1008/2717 [00:00<00:01, 1511.25it/s]
 47%|████▋     | 1264/2717 [00:00<00:00, 1454.27it/s]
 56%|█████▌    | 1520/2717 [00:01<00:00, 1362.48it/s]
 65%|██████▌   | 1776/2717 [00:01<00:00, 1367.63it/s]
 75%|███████▍  | 2032/2717 [00:01<00:00, 1309.03it/s]
 84%|████████▍ | 2288/2717 [00:01<00:00, 983.42it/s] 
 94%|█████████▎| 2544/2717 [00:02<00:00, 1071.68it/s]
100%|██████████| 2717/2717 [00:02<00:00, 1321.37it/s]
Loaded 2717 files.
Start selecting samples with duration over 30 sec
Windowing dataset...
Dropping short recordings and excluded channels:
Kept  2717 recordings
Rescaling to microVolts...
Applying preprocessors to dataset:

  0%|          | 0/2717 [00:00<?, ?it/s]
  1%|          | 28/2717 [00:00<01:33, 28.87it/s]
  2%|▏         | 56/2717 [00:03<02:42, 16.40it/s]
  3%|▎         | 84/2717 [00:05<02:51, 15.39it/s]
  4%|▍         | 112/2717 [00:07<03:09, 13.71it/s]
  5%|▌         | 140/2717 [00:09<02:59, 14.34it/s]
  6%|▌         | 168/2717 [00:11<03:18, 12.84it/s]
  7%|▋         | 196/2717 [00:13<03:03, 13.71it/s]
  8%|▊         | 224/2717 [00:16<03:16, 12.66it/s]
  9%|▉         | 252/2717 [00:18<03:07, 13.13it/s]
 10%|█         | 280/2717 [00:20<03:13, 12.59it/s]
 11%|█▏        | 308/2717 [00:22<03:00, 13.37it/s]
 12%|█▏        | 336/2717 [00:24<03:06, 12.76it/s]
 13%|█▎        | 364/2717 [00:26<02:50, 13.83it/s]
 14%|█▍        | 392/2717 [00:28<02:55, 13.28it/s]
 15%|█▌        | 420/2717 [00:30<02:45, 13.85it/s]
 16%|█▋        | 448/2717 [00:32<02:48, 13.45it/s]
 18%|█▊        | 476/2717 [00:34<02:39, 14.02it/s]
 19%|█▊        | 504/2717 [00:36<02:45, 13.38it/s]
 20%|█▉        | 532/2717 [00:38<02:36, 13.97it/s]
 21%|██        | 560/2717 [00:41<02:44, 13.11it/s]
 22%|██▏       | 588/2717 [00:43<02:41, 13.17it/s]
 23%|██▎       | 616/2717 [00:46<02:53, 12.14it/s]
 24%|██▎       | 644/2717 [00:48<02:45, 12.53it/s]
 25%|██▍       | 672/2717 [00:51<02:57, 11.53it/s]
 26%|██▌       | 700/2717 [00:52<02:44, 12.22it/s]
 27%|██▋       | 728/2717 [00:55<02:57, 11.21it/s]
 28%|██▊       | 756/2717 [00:58<02:46, 11.75it/s]
 29%|██▉       | 784/2717 [01:00<02:53, 11.16it/s]
 30%|██▉       | 812/2717 [01:03<02:45, 11.48it/s]
 31%|███       | 840/2717 [01:05<02:43, 11.47it/s]
 32%|███▏      | 868/2717 [01:07<02:25, 12.71it/s]
 33%|███▎      | 896/2717 [01:10<02:41, 11.24it/s]
 34%|███▍      | 924/2717 [01:12<02:22, 12.58it/s]
 35%|███▌      | 952/2717 [01:14<02:21, 12.44it/s]
 36%|███▌      | 980/2717 [01:16<02:23, 12.14it/s]
 37%|███▋      | 1008/2717 [01:19<02:21, 12.04it/s]
 38%|███▊      | 1036/2717 [01:21<02:20, 11.98it/s]
 39%|███▉      | 1064/2717 [01:23<02:14, 12.26it/s]
 40%|████      | 1092/2717 [01:25<02:03, 13.17it/s]
 41%|████      | 1120/2717 [01:28<02:13, 11.99it/s]
 42%|████▏     | 1148/2717 [01:30<02:05, 12.51it/s]
 43%|████▎     | 1176/2717 [01:32<02:03, 12.49it/s]
 44%|████▍     | 1204/2717 [01:34<01:57, 12.82it/s]
 45%|████▌     | 1232/2717 [01:36<01:55, 12.90it/s]
 46%|████▋     | 1260/2717 [01:38<01:43, 14.11it/s]
 47%|████▋     | 1288/2717 [01:40<01:49, 13.01it/s]
 48%|████▊     | 1316/2717 [01:42<01:39, 14.02it/s]
 49%|████▉     | 1344/2717 [01:44<01:38, 14.00it/s]
 50%|█████     | 1372/2717 [01:46<01:38, 13.69it/s]
 52%|█████▏    | 1400/2717 [01:48<01:34, 13.95it/s]
 53%|█████▎    | 1428/2717 [01:50<01:27, 14.68it/s]
 54%|█████▎    | 1456/2717 [01:52<01:34, 13.36it/s]
 55%|█████▍    | 1484/2717 [01:54<01:25, 14.40it/s]
 56%|█████▌    | 1512/2717 [01:56<01:32, 13.09it/s]
 57%|█████▋    | 1540/2717 [01:58<01:27, 13.51it/s]
 58%|█████▊    | 1568/2717 [02:01<01:28, 12.97it/s]
 59%|█████▊    | 1596/2717 [02:02<01:22, 13.65it/s]
 60%|█████▉    | 1624/2717 [02:05<01:28, 12.38it/s]
 61%|██████    | 1652/2717 [02:07<01:19, 13.40it/s]
 62%|██████▏   | 1680/2717 [02:09<01:20, 12.90it/s]
 63%|██████▎   | 1708/2717 [02:12<01:19, 12.70it/s]
 64%|██████▍   | 1736/2717 [02:14<01:20, 12.17it/s]
 65%|██████▍   | 1764/2717 [02:16<01:15, 12.59it/s]
 66%|██████▌   | 1792/2717 [02:19<01:22, 11.22it/s]
 67%|██████▋   | 1820/2717 [02:21<01:17, 11.60it/s]
 68%|██████▊   | 1848/2717 [02:24<01:17, 11.18it/s]
 69%|██████▉   | 1876/2717 [02:26<01:08, 12.22it/s]
 70%|███████   | 1904/2717 [02:28<01:07, 11.99it/s]
 71%|███████   | 1932/2717 [02:31<01:05, 12.05it/s]
 72%|███████▏  | 1960/2717 [02:34<01:08, 11.12it/s]
 73%|███████▎  | 1988/2717 [02:36<01:03, 11.43it/s]
 74%|███████▍  | 2016/2717 [02:39<01:02, 11.18it/s]
 75%|███████▌  | 2044/2717 [02:41<00:56, 11.82it/s]
 76%|███████▋  | 2072/2717 [02:44<00:58, 10.97it/s]
 77%|███████▋  | 2100/2717 [02:46<00:52, 11.73it/s]
 78%|███████▊  | 2128/2717 [02:48<00:53, 11.07it/s]
 79%|███████▉  | 2156/2717 [02:50<00:46, 11.98it/s]
 80%|████████  | 2184/2717 [02:53<00:46, 11.55it/s]
 81%|████████▏ | 2212/2717 [02:55<00:42, 11.92it/s]
 82%|████████▏ | 2240/2717 [02:58<00:42, 11.28it/s]
 83%|████████▎ | 2268/2717 [03:00<00:37, 11.87it/s]
 85%|████████▍ | 2296/2717 [03:03<00:37, 11.14it/s]
 86%|████████▌ | 2324/2717 [03:05<00:33, 11.81it/s]
 87%|████████▋ | 2352/2717 [03:08<00:32, 11.09it/s]
 88%|████████▊ | 2380/2717 [03:10<00:27, 12.04it/s]
 89%|████████▊ | 2408/2717 [03:13<00:27, 11.35it/s]
 90%|████████▉ | 2436/2717 [03:14<00:22, 12.30it/s]
 91%|█████████ | 2464/2717 [03:17<00:21, 12.01it/s]
 92%|█████████▏| 2492/2717 [03:19<00:17, 12.73it/s]
 93%|█████████▎| 2520/2717 [03:21<00:15, 12.51it/s]
 94%|█████████▍| 2548/2717 [03:23<00:12, 13.67it/s]
 95%|█████████▍| 2576/2717 [03:25<00:11, 12.53it/s]
 96%|█████████▌| 2604/2717 [03:27<00:08, 13.56it/s]
 97%|█████████▋| 2632/2717 [03:29<00:06, 13.08it/s]
 98%|█████████▊| 2660/2717 [03:32<00:04, 12.35it/s]
 99%|█████████▉| 2688/2717 [03:35<00:02, 10.68it/s]
100%|█████████▉| 2716/2717 [03:38<00:00, 10.17it/s]
100%|██████████| 2717/2717 [03:38<00:00, 12.41it/s]
Loading concat dataset from /lhome/oskarsto/repos/master-eeg-trans/datasets/TUH/abnormal_train_pre/temp, preload=False

  0%|          | 0/2717 [00:00<?, ?it/s]
  1%|          | 28/2717 [00:00<00:54, 49.13it/s]
  2%|▏         | 56/2717 [00:01<01:11, 37.01it/s]
  3%|▎         | 84/2717 [00:02<01:08, 38.71it/s]
  4%|▍         | 112/2717 [00:02<01:02, 41.56it/s]
  5%|▌         | 140/2717 [00:03<01:07, 38.05it/s]
  6%|▌         | 168/2717 [00:04<01:02, 41.06it/s]
  7%|▋         | 196/2717 [00:04<00:57, 43.88it/s]
  8%|▊         | 224/2717 [00:05<00:54, 46.12it/s]
  9%|▉         | 252/2717 [00:06<01:00, 40.78it/s]
 10%|█         | 280/2717 [00:06<00:56, 43.50it/s]
 11%|█▏        | 308/2717 [00:07<00:51, 46.70it/s]
 12%|█▏        | 336/2717 [00:07<00:47, 49.63it/s]
 13%|█▎        | 364/2717 [00:08<00:54, 43.13it/s]
 14%|█▍        | 392/2717 [00:08<00:49, 46.75it/s]
 15%|█▌        | 420/2717 [00:09<00:46, 49.21it/s]
 16%|█▋        | 448/2717 [00:10<00:45, 50.01it/s]
 18%|█▊        | 476/2717 [00:10<00:43, 51.74it/s]
 19%|█▊        | 504/2717 [00:11<00:52, 41.89it/s]
 20%|█▉        | 532/2717 [00:12<00:49, 44.56it/s]
 21%|██        | 560/2717 [00:12<00:46, 46.82it/s]
 22%|██▏       | 588/2717 [00:13<00:43, 48.58it/s]
 23%|██▎       | 616/2717 [00:13<00:44, 46.75it/s]
 24%|██▎       | 644/2717 [00:14<00:43, 47.72it/s]
 25%|██▍       | 672/2717 [00:15<00:52, 39.06it/s]
 26%|██▌       | 700/2717 [00:15<00:49, 40.46it/s]
 27%|██▋       | 728/2717 [00:16<00:44, 44.47it/s]
 28%|██▊       | 756/2717 [00:16<00:41, 47.50it/s]
 29%|██▉       | 784/2717 [00:17<00:38, 50.17it/s]
 30%|██▉       | 812/2717 [00:17<00:36, 52.16it/s]
 31%|███       | 840/2717 [00:18<00:34, 53.91it/s]
 32%|███▏      | 868/2717 [00:18<00:33, 54.45it/s]
 33%|███▎      | 896/2717 [00:19<00:44, 41.29it/s]
 34%|███▍      | 924/2717 [00:20<00:40, 43.95it/s]
 35%|███▌      | 952/2717 [00:20<00:38, 46.06it/s]
 36%|███▌      | 980/2717 [00:21<00:37, 46.61it/s]
 37%|███▋      | 1008/2717 [00:22<00:35, 48.17it/s]
 38%|███▊      | 1036/2717 [00:22<00:34, 49.33it/s]
 39%|███▉      | 1064/2717 [00:23<00:33, 50.03it/s]
 40%|████      | 1092/2717 [00:23<00:32, 50.61it/s]
 41%|████      | 1120/2717 [00:24<00:31, 50.07it/s]
 42%|████▏     | 1148/2717 [00:24<00:31, 50.33it/s]
 43%|████▎     | 1176/2717 [00:26<00:40, 37.94it/s]
 44%|████▍     | 1204/2717 [00:26<00:36, 40.91it/s]
 45%|████▌     | 1232/2717 [00:27<00:34, 43.33it/s]
 46%|████▋     | 1260/2717 [00:27<00:31, 45.69it/s]
 47%|████▋     | 1288/2717 [00:28<00:30, 46.79it/s]
 48%|████▊     | 1316/2717 [00:28<00:28, 48.76it/s]
 49%|████▉     | 1344/2717 [00:29<00:27, 49.67it/s]
 50%|█████     | 1372/2717 [00:29<00:26, 51.20it/s]
 52%|█████▏    | 1400/2717 [00:30<00:25, 51.63it/s]
 53%|█████▎    | 1428/2717 [00:30<00:24, 51.85it/s]
 54%|█████▎    | 1456/2717 [00:31<00:25, 49.44it/s]
 55%|█████▍    | 1484/2717 [00:32<00:34, 35.91it/s]
 56%|█████▌    | 1512/2717 [00:33<00:30, 39.34it/s]
 57%|█████▋    | 1540/2717 [00:33<00:27, 42.66it/s]
 58%|█████▊    | 1568/2717 [00:34<00:25, 45.55it/s]
 59%|█████▊    | 1596/2717 [00:34<00:23, 46.97it/s]
 60%|█████▉    | 1624/2717 [00:35<00:22, 47.84it/s]
 61%|██████    | 1652/2717 [00:36<00:21, 49.42it/s]
 62%|██████▏   | 1680/2717 [00:36<00:20, 49.94it/s]
 63%|██████▎   | 1708/2717 [00:37<00:19, 50.95it/s]
 64%|██████▍   | 1736/2717 [00:37<00:19, 50.19it/s]
 65%|██████▍   | 1764/2717 [00:38<00:19, 48.47it/s]
 66%|██████▌   | 1792/2717 [00:38<00:19, 47.24it/s]
 67%|██████▋   | 1820/2717 [00:39<00:19, 45.97it/s]
 68%|██████▊   | 1848/2717 [00:40<00:19, 45.22it/s]
 69%|██████▉   | 1876/2717 [00:41<00:24, 34.88it/s]
 70%|███████   | 1904/2717 [00:42<00:21, 37.94it/s]
 71%|███████   | 1932/2717 [00:42<00:19, 39.63it/s]
 72%|███████▏  | 1960/2717 [00:43<00:17, 42.53it/s]
 73%|███████▎  | 1988/2717 [00:43<00:16, 44.91it/s]
 74%|███████▍  | 2016/2717 [00:44<00:14, 46.80it/s]
 75%|███████▌  | 2044/2717 [00:44<00:14, 48.02it/s]
 76%|███████▋  | 2072/2717 [00:45<00:13, 48.83it/s]
 77%|███████▋  | 2100/2717 [00:45<00:12, 49.13it/s]
 78%|███████▊  | 2128/2717 [00:46<00:11, 50.12it/s]
 79%|███████▉  | 2156/2717 [00:46<00:10, 51.77it/s]
 80%|████████  | 2184/2717 [00:47<00:10, 52.34it/s]
 81%|████████▏ | 2212/2717 [00:47<00:09, 53.27it/s]
 82%|████████▏ | 2240/2717 [00:48<00:08, 54.71it/s]
 83%|████████▎ | 2268/2717 [00:48<00:08, 54.43it/s]
 85%|████████▍ | 2296/2717 [00:50<00:11, 37.37it/s]
 86%|████████▌ | 2324/2717 [00:50<00:09, 41.35it/s]
 87%|████████▋ | 2352/2717 [00:51<00:08, 44.99it/s]
 88%|████████▊ | 2380/2717 [00:51<00:07, 47.65it/s]
 89%|████████▊ | 2408/2717 [00:52<00:06, 50.52it/s]
 90%|████████▉ | 2436/2717 [00:52<00:05, 51.58it/s]
 91%|█████████ | 2464/2717 [00:53<00:04, 53.28it/s]
 92%|█████████▏| 2492/2717 [00:53<00:04, 53.51it/s]
 93%|█████████▎| 2520/2717 [00:54<00:03, 53.21it/s]
 94%|█████████▍| 2548/2717 [00:54<00:03, 53.17it/s]
 95%|█████████▍| 2576/2717 [00:55<00:02, 51.66it/s]
 96%|█████████▌| 2604/2717 [00:55<00:02, 51.49it/s]
 97%|█████████▋| 2632/2717 [00:56<00:01, 45.62it/s]
 98%|█████████▊| 2660/2717 [00:57<00:01, 44.29it/s]
 99%|█████████▉| 2688/2717 [00:58<00:00, 41.83it/s]
100%|█████████▉| 2716/2717 [00:58<00:00, 43.40it/s]
100%|██████████| 2717/2717 [00:58<00:00, 46.21it/s]
Done rescaling to microVolts
Splitting dataset into windows:

  0%|          | 0/2717 [00:00<?, ?it/s]
  1%|          | 28/2717 [00:00<00:35, 76.28it/s]
  2%|▏         | 56/2717 [00:01<00:57, 46.67it/s]
  3%|▎         | 84/2717 [00:01<00:59, 44.29it/s]
  4%|▍         | 112/2717 [00:03<01:40, 25.98it/s]
  5%|▌         | 140/2717 [00:04<01:27, 29.58it/s]
  6%|▌         | 168/2717 [00:05<01:21, 31.17it/s]
  7%|▋         | 196/2717 [00:05<01:13, 34.25it/s]
  8%|▊         | 224/2717 [00:06<01:13, 33.75it/s]
  9%|▉         | 252/2717 [00:07<01:06, 36.92it/s]
 10%|█         | 280/2717 [00:08<01:09, 35.17it/s]
 11%|█▏        | 308/2717 [00:08<01:04, 37.33it/s]
 12%|█▏        | 336/2717 [00:09<01:05, 36.38it/s]
 13%|█▎        | 364/2717 [00:10<01:00, 38.74it/s]
 14%|█▍        | 392/2717 [00:11<01:03, 36.46it/s]
 15%|█▌        | 420/2717 [00:11<01:00, 38.11it/s]
 16%|█▋        | 448/2717 [00:12<01:04, 35.24it/s]
 18%|█▊        | 476/2717 [00:13<00:59, 37.50it/s]
 19%|█▊        | 504/2717 [00:14<01:02, 35.32it/s]
 20%|█▉        | 532/2717 [00:14<00:58, 37.25it/s]
 21%|██        | 560/2717 [00:15<00:58, 36.58it/s]
 22%|██▏       | 588/2717 [00:16<00:54, 39.29it/s]
 23%|██▎       | 616/2717 [00:17<00:58, 35.86it/s]
 24%|██▎       | 644/2717 [00:17<00:58, 35.35it/s]
 25%|██▍       | 672/2717 [00:18<00:59, 34.13it/s]
 26%|██▌       | 700/2717 [00:19<00:54, 37.02it/s]
 27%|██▋       | 728/2717 [00:20<00:54, 36.48it/s]
 28%|██▊       | 756/2717 [00:20<00:49, 39.64it/s]
 29%|██▉       | 784/2717 [00:21<00:51, 37.25it/s]
 30%|██▉       | 812/2717 [00:22<00:48, 39.24it/s]
 31%|███       | 840/2717 [00:24<01:15, 24.72it/s]
 32%|███▏      | 868/2717 [00:24<01:04, 28.89it/s]
 33%|███▎      | 896/2717 [00:25<00:59, 30.46it/s]
 34%|███▍      | 924/2717 [00:26<00:51, 34.78it/s]
 35%|███▌      | 952/2717 [00:27<00:50, 34.71it/s]
 36%|███▌      | 980/2717 [00:27<00:46, 37.56it/s]
 37%|███▋      | 1008/2717 [00:28<00:47, 36.00it/s]
 38%|███▊      | 1036/2717 [00:29<00:45, 36.71it/s]
 39%|███▉      | 1064/2717 [00:30<00:44, 36.92it/s]
 40%|████      | 1092/2717 [00:30<00:42, 38.43it/s]
 41%|████      | 1120/2717 [00:31<00:44, 35.90it/s]
 42%|████▏     | 1148/2717 [00:32<00:42, 37.02it/s]
 43%|████▎     | 1176/2717 [00:33<00:42, 36.26it/s]
 44%|████▍     | 1204/2717 [00:33<00:39, 38.64it/s]
 45%|████▌     | 1232/2717 [00:34<00:40, 37.03it/s]
 46%|████▋     | 1260/2717 [00:35<00:36, 40.00it/s]
 47%|████▋     | 1288/2717 [00:36<00:38, 37.36it/s]
 48%|████▊     | 1316/2717 [00:36<00:36, 37.96it/s]
 49%|████▉     | 1344/2717 [00:37<00:36, 37.19it/s]
 50%|█████     | 1372/2717 [00:38<00:33, 39.74it/s]
 52%|█████▏    | 1400/2717 [00:38<00:33, 39.15it/s]
 53%|█████▎    | 1428/2717 [00:39<00:30, 41.65it/s]
 54%|█████▎    | 1456/2717 [00:40<00:31, 40.10it/s]
 55%|█████▍    | 1484/2717 [00:40<00:29, 42.17it/s]
 56%|█████▌    | 1512/2717 [00:41<00:31, 38.33it/s]
 57%|█████▋    | 1540/2717 [00:42<00:28, 41.63it/s]
 58%|█████▊    | 1568/2717 [00:42<00:28, 39.98it/s]
 59%|█████▊    | 1596/2717 [00:43<00:26, 42.56it/s]
 60%|█████▉    | 1624/2717 [00:44<00:26, 40.64it/s]
 61%|██████    | 1652/2717 [00:44<00:25, 41.22it/s]
 62%|██████▏   | 1680/2717 [00:45<00:26, 38.94it/s]
 63%|██████▎   | 1708/2717 [00:46<00:25, 39.79it/s]
 64%|██████▍   | 1736/2717 [00:48<00:42, 23.28it/s]
 65%|██████▍   | 1764/2717 [00:49<00:35, 27.18it/s]
 66%|██████▌   | 1792/2717 [00:50<00:31, 28.95it/s]
 67%|██████▋   | 1820/2717 [00:50<00:28, 31.92it/s]
 68%|██████▊   | 1848/2717 [00:51<00:26, 32.60it/s]
 69%|██████▉   | 1876/2717 [00:52<00:23, 35.85it/s]
 70%|███████   | 1904/2717 [00:53<00:23, 34.01it/s]
 71%|███████   | 1932/2717 [00:53<00:21, 35.71it/s]
 72%|███████▏  | 1960/2717 [00:54<00:23, 32.46it/s]
 73%|███████▎  | 1988/2717 [00:55<00:20, 35.00it/s]
 74%|███████▍  | 2016/2717 [00:56<00:20, 34.12it/s]
 75%|███████▌  | 2044/2717 [00:57<00:18, 36.45it/s]
 76%|███████▋  | 2072/2717 [00:57<00:18, 35.07it/s]
 77%|███████▋  | 2100/2717 [00:58<00:16, 36.47it/s]
 78%|███████▊  | 2128/2717 [00:59<00:16, 36.20it/s]
 79%|███████▉  | 2156/2717 [01:00<00:15, 37.05it/s]
 80%|████████  | 2184/2717 [01:01<00:15, 34.01it/s]
 81%|████████▏ | 2212/2717 [01:01<00:14, 35.57it/s]
 82%|████████▏ | 2240/2717 [01:02<00:14, 32.58it/s]
 83%|████████▎ | 2268/2717 [01:03<00:12, 34.98it/s]
 85%|████████▍ | 2296/2717 [01:04<00:13, 31.42it/s]
 86%|████████▌ | 2324/2717 [01:05<00:11, 33.04it/s]
 87%|████████▋ | 2352/2717 [01:06<00:11, 31.51it/s]
 88%|████████▊ | 2380/2717 [01:07<00:10, 33.48it/s]
 89%|████████▊ | 2408/2717 [01:07<00:09, 34.30it/s]
 90%|████████▉ | 2436/2717 [01:08<00:07, 35.98it/s]
 91%|█████████ | 2464/2717 [01:09<00:07, 34.11it/s]
 92%|█████████▏| 2492/2717 [01:10<00:06, 36.60it/s]
 93%|█████████▎| 2520/2717 [01:10<00:05, 35.73it/s]
 94%|█████████▍| 2548/2717 [01:11<00:04, 38.49it/s]
 95%|█████████▍| 2576/2717 [01:12<00:03, 36.40it/s]
 96%|█████████▌| 2604/2717 [01:13<00:03, 37.21it/s]
 97%|█████████▋| 2632/2717 [01:14<00:02, 34.80it/s]
 98%|█████████▊| 2660/2717 [01:14<00:01, 35.24it/s]
 99%|█████████▉| 2688/2717 [01:16<00:00, 30.03it/s]
100%|█████████▉| 2716/2717 [01:17<00:00, 29.18it/s]
100%|██████████| 2717/2717 [01:17<00:00, 35.24it/s]
Dropping all recordings with 0 good windows...
Kept 2690 recordings
Applying preprocessors to dataset:

  0%|          | 0/2690 [00:00<?, ?it/s]
  1%|          | 27/2690 [00:02<04:12, 10.55it/s]
  2%|▏         | 54/2690 [00:06<05:21,  8.21it/s]
  3%|▎         | 81/2690 [00:11<06:42,  6.48it/s]
  4%|▍         | 108/2690 [00:15<06:29,  6.63it/s]
  5%|▌         | 135/2690 [00:19<06:25,  6.63it/s]
  6%|▌         | 162/2690 [00:24<07:01,  6.00it/s]
  7%|▋         | 189/2690 [00:29<06:53,  6.05it/s]
  8%|▊         | 216/2690 [00:34<07:11,  5.73it/s]
  9%|▉         | 243/2690 [00:38<06:42,  6.07it/s]
 10%|█         | 270/2690 [00:42<06:26,  6.26it/s]
 11%|█         | 297/2690 [00:47<06:45,  5.91it/s]
 12%|█▏        | 324/2690 [00:51<06:31,  6.04it/s]
 13%|█▎        | 351/2690 [00:55<06:15,  6.24it/s]
 14%|█▍        | 378/2690 [01:01<06:41,  5.76it/s]
 15%|█▌        | 405/2690 [01:05<06:17,  6.05it/s]
 16%|█▌        | 432/2690 [01:10<06:39,  5.65it/s]
 17%|█▋        | 459/2690 [01:14<06:15,  5.94it/s]
 18%|█▊        | 486/2690 [01:18<05:59,  6.12it/s]
 19%|█▉        | 513/2690 [01:24<06:21,  5.71it/s]
 20%|██        | 540/2690 [01:29<06:36,  5.42it/s]
 21%|██        | 567/2690 [01:35<06:40,  5.30it/s]
 22%|██▏       | 594/2690 [01:41<07:09,  4.88it/s]
 23%|██▎       | 621/2690 [01:47<06:56,  4.97it/s]
 24%|██▍       | 648/2690 [01:53<07:12,  4.72it/s]
 25%|██▌       | 675/2690 [01:58<06:42,  5.00it/s]
 26%|██▌       | 702/2690 [02:04<06:49,  4.86it/s]
 27%|██▋       | 729/2690 [02:11<07:19,  4.46it/s]
 28%|██▊       | 756/2690 [02:16<06:51,  4.70it/s]
 29%|██▉       | 783/2690 [02:21<06:32,  4.85it/s]
 30%|███       | 810/2690 [02:28<06:53,  4.54it/s]
 31%|███       | 837/2690 [02:33<06:33,  4.71it/s]
 32%|███▏      | 864/2690 [02:40<06:57,  4.37it/s]
 33%|███▎      | 891/2690 [02:45<06:26,  4.65it/s]
 34%|███▍      | 918/2690 [02:50<06:01,  4.90it/s]
 35%|███▌      | 945/2690 [02:57<06:28,  4.50it/s]
 36%|███▌      | 972/2690 [03:02<06:06,  4.68it/s]
 37%|███▋      | 999/2690 [03:07<05:42,  4.93it/s]
 38%|███▊      | 1026/2690 [03:13<05:47,  4.79it/s]
 39%|███▉      | 1053/2690 [03:17<05:04,  5.37it/s]
 40%|████      | 1080/2690 [03:21<04:55,  5.44it/s]
 41%|████      | 1107/2690 [03:25<04:23,  6.01it/s]
 42%|████▏     | 1134/2690 [03:28<03:57,  6.55it/s]
 43%|████▎     | 1161/2690 [03:33<04:04,  6.25it/s]
 44%|████▍     | 1188/2690 [03:36<03:46,  6.64it/s]
 45%|████▌     | 1215/2690 [03:40<03:35,  6.84it/s]
 46%|████▌     | 1242/2690 [03:45<03:50,  6.29it/s]
 47%|████▋     | 1269/2690 [03:49<03:35,  6.59it/s]
 48%|████▊     | 1296/2690 [03:54<03:44,  6.21it/s]
 49%|████▉     | 1323/2690 [03:57<03:30,  6.50it/s]
 50%|█████     | 1350/2690 [04:01<03:20,  6.70it/s]
 51%|█████     | 1377/2690 [04:06<03:32,  6.18it/s]
 52%|█████▏    | 1404/2690 [04:11<03:25,  6.26it/s]
 53%|█████▎    | 1431/2690 [04:15<03:19,  6.32it/s]
 54%|█████▍    | 1458/2690 [04:20<03:28,  5.92it/s]
 55%|█████▌    | 1485/2690 [04:24<03:11,  6.30it/s]
 56%|█████▌    | 1512/2690 [04:28<03:09,  6.22it/s]
 57%|█████▋    | 1539/2690 [04:32<03:00,  6.37it/s]
 58%|█████▊    | 1566/2690 [04:36<02:52,  6.53it/s]
 59%|█████▉    | 1593/2690 [04:41<03:00,  6.07it/s]
 60%|██████    | 1620/2690 [04:45<02:50,  6.26it/s]
 61%|██████    | 1647/2690 [04:49<02:45,  6.31it/s]
 62%|██████▏   | 1674/2690 [04:55<02:57,  5.72it/s]
 63%|██████▎   | 1701/2690 [04:59<02:48,  5.87it/s]
 64%|██████▍   | 1728/2690 [05:05<02:55,  5.47it/s]
 65%|██████▌   | 1755/2690 [05:09<02:44,  5.67it/s]
 66%|██████▌   | 1782/2690 [05:14<02:37,  5.75it/s]
 67%|██████▋   | 1809/2690 [05:20<02:43,  5.38it/s]
 68%|██████▊   | 1836/2690 [05:24<02:32,  5.62it/s]
 69%|██████▉   | 1863/2690 [05:28<02:19,  5.91it/s]
 70%|███████   | 1890/2690 [05:34<02:26,  5.45it/s]
 71%|███████▏  | 1917/2690 [05:38<02:17,  5.63it/s]
 72%|███████▏  | 1944/2690 [05:44<02:20,  5.31it/s]
 73%|███████▎  | 1971/2690 [05:48<02:08,  5.60it/s]
 74%|███████▍  | 1998/2690 [05:53<01:59,  5.77it/s]
 75%|███████▌  | 2025/2690 [05:58<01:57,  5.65it/s]
 76%|███████▋  | 2052/2690 [06:02<01:48,  5.90it/s]
 77%|███████▋  | 2079/2690 [06:06<01:42,  5.99it/s]
 78%|███████▊  | 2106/2690 [06:12<01:48,  5.37it/s]
 79%|███████▉  | 2133/2690 [06:17<01:42,  5.44it/s]
 80%|████████  | 2160/2690 [06:23<01:44,  5.05it/s]
 81%|████████▏ | 2187/2690 [06:28<01:36,  5.23it/s]
 82%|████████▏ | 2214/2690 [06:33<01:28,  5.38it/s]
 83%|████████▎ | 2241/2690 [06:39<01:27,  5.15it/s]
 84%|████████▍ | 2268/2690 [06:43<01:15,  5.56it/s]
 85%|████████▌ | 2295/2690 [06:48<01:12,  5.46it/s]
 86%|████████▋ | 2322/2690 [06:54<01:13,  4.98it/s]
 87%|████████▋ | 2349/2690 [06:59<01:05,  5.18it/s]
 88%|████████▊ | 2376/2690 [07:05<01:03,  4.92it/s]
 89%|████████▉ | 2403/2690 [07:10<00:54,  5.24it/s]
 90%|█████████ | 2430/2690 [07:14<00:47,  5.51it/s]
 91%|█████████▏| 2457/2690 [07:20<00:45,  5.15it/s]
 92%|█████████▏| 2484/2690 [07:25<00:38,  5.30it/s]
 93%|█████████▎| 2511/2690 [07:30<00:33,  5.36it/s]
 94%|█████████▍| 2538/2690 [07:35<00:28,  5.29it/s]
 95%|█████████▌| 2565/2690 [07:38<00:20,  5.97it/s]
 96%|█████████▋| 2592/2690 [07:42<00:16,  6.11it/s]
 97%|█████████▋| 2619/2690 [07:45<00:10,  6.69it/s]
 98%|█████████▊| 2646/2690 [07:48<00:06,  7.12it/s]
 99%|█████████▉| 2673/2690 [07:53<00:02,  6.69it/s]
100%|██████████| 2690/2690 [07:55<00:00,  5.65it/s]
========= Beginning preprocessing pipeline for seed =========

  0%|          | 0/36 [00:00<?, ?it/s]
  8%|▊         | 3/36 [00:00<00:01, 24.10it/s]
 17%|█▋        | 6/36 [00:00<00:01, 26.10it/s]
 25%|██▌       | 9/36 [00:00<00:01, 26.65it/s]
 33%|███▎      | 12/36 [00:00<00:00, 25.72it/s]
 42%|████▏     | 15/36 [00:00<00:00, 26.64it/s]
 50%|█████     | 18/36 [00:00<00:00, 27.22it/s]
 58%|█████▊    | 21/36 [00:00<00:00, 26.99it/s]
 67%|██████▋   | 24/36 [00:00<00:00, 27.21it/s]
 75%|███████▌  | 27/36 [00:01<00:00, 26.77it/s]
 83%|████████▎ | 30/36 [00:01<00:00, 26.32it/s]
 92%|█████████▏| 33/36 [00:01<00:00, 25.95it/s]
100%|██████████| 36/36 [00:01<00:00, 26.66it/s]
100%|██████████| 36/36 [00:01<00:00, 26.52it/s]
Loaded 36 files.
Start selecting samples with duration over 30 sec
Windowing dataset...
Dropping short recordings and excluded channels:
Kept  36 recordings
Rescaling to microVolts...
Applying preprocessors to dataset:

  0%|          | 0/36 [00:00<?, ?it/s]
 44%|████▍     | 16/36 [00:46<00:57,  2.88s/it]
 67%|██████▋   | 24/36 [01:27<00:46,  3.86s/it]
 89%|████████▉ | 32/36 [02:11<00:17,  4.46s/it]
100%|██████████| 36/36 [02:11<00:00,  3.66s/it]
Loading concat dataset from /lhome/oskarsto/repos/master-eeg-trans/datasets/SEED/seed_pre/temp, preload=False

  0%|          | 0/36 [00:00<?, ?it/s]
  3%|▎         | 1/36 [00:00<00:05,  6.46it/s]
  6%|▌         | 2/36 [00:00<00:04,  7.59it/s]
  8%|▊         | 3/36 [00:00<00:04,  8.07it/s]
 11%|█         | 4/36 [00:00<00:03,  8.50it/s]
 14%|█▍        | 5/36 [00:00<00:03,  8.64it/s]
 17%|█▋        | 6/36 [00:00<00:03,  8.83it/s]
 19%|█▉        | 7/36 [00:00<00:03,  8.88it/s]
 22%|██▏       | 8/36 [00:00<00:03,  8.94it/s]
 25%|██▌       | 9/36 [00:01<00:03,  8.95it/s]
 28%|██▊       | 10/36 [00:01<00:02,  8.87it/s]
 31%|███       | 11/36 [00:01<00:02,  8.90it/s]
 33%|███▎      | 12/36 [00:01<00:02,  9.00it/s]
 36%|███▌      | 13/36 [00:01<00:02,  9.13it/s]
 39%|███▉      | 14/36 [00:01<00:02,  9.18it/s]
 42%|████▏     | 15/36 [00:01<00:02,  9.12it/s]
 44%|████▍     | 16/36 [00:01<00:02,  9.18it/s]
 47%|████▋     | 17/36 [00:01<00:02,  9.27it/s]
 50%|█████     | 18/36 [00:02<00:01,  9.23it/s]
 53%|█████▎    | 19/36 [00:02<00:01,  9.28it/s]
 56%|█████▌    | 20/36 [00:02<00:01,  9.29it/s]
 58%|█████▊    | 21/36 [00:02<00:01,  9.32it/s]
 61%|██████    | 22/36 [00:02<00:01,  9.37it/s]
 64%|██████▍   | 23/36 [00:02<00:01,  9.26it/s]
 67%|██████▋   | 24/36 [00:02<00:01,  9.25it/s]
 69%|██████▉   | 25/36 [00:02<00:01,  9.33it/s]
 72%|███████▏  | 26/36 [00:02<00:01,  9.24it/s]
 75%|███████▌  | 27/36 [00:02<00:00,  9.28it/s]
 78%|███████▊  | 28/36 [00:03<00:00,  9.15it/s]
 81%|████████  | 29/36 [00:03<00:00,  9.25it/s]
 83%|████████▎ | 30/36 [00:03<00:00,  9.33it/s]
 86%|████████▌ | 31/36 [00:03<00:00,  9.30it/s]
 89%|████████▉ | 32/36 [00:03<00:00,  9.12it/s]
 92%|█████████▏| 33/36 [00:03<00:00,  9.09it/s]
 94%|█████████▍| 34/36 [00:03<00:00,  9.09it/s]
 97%|█████████▋| 35/36 [00:03<00:00,  9.18it/s]
100%|██████████| 36/36 [00:03<00:00,  9.14it/s]
100%|██████████| 36/36 [00:03<00:00,  9.04it/s]
Done rescaling to microVolts
Splitting dataset into windows:

  0%|          | 0/36 [00:00<?, ?it/s]
 44%|████▍     | 16/36 [00:03<00:04,  4.19it/s]
 67%|██████▋   | 24/36 [00:07<00:04,  2.97it/s]
 89%|████████▉ | 32/36 [00:11<00:01,  2.56it/s]
100%|██████████| 36/36 [00:11<00:00,  3.14it/s]
Dropping all recordings with 0 good windows...
Kept 36 recordings
Applying preprocessors to dataset:

  0%|          | 0/36 [00:00<?, ?it/s]
 44%|████▍     | 16/36 [00:34<00:43,  2.17s/it]
 67%|██████▋   | 24/36 [01:09<00:36,  3.08s/it]
 89%|████████▉ | 32/36 [01:44<00:14,  3.54s/it]
100%|██████████| 36/36 [01:44<00:00,  2.89s/it]
========= Beginning preprocessing pipeline for bciciv_1 =========
BCICIV_1 is only implemented for pretraining

  0%|          | 0/14 [00:00<?, ?it/s]
  7%|▋         | 1/14 [00:01<00:13,  1.02s/it]
 14%|█▍        | 2/14 [00:01<00:11,  1.01it/s]
 21%|██▏       | 3/14 [00:02<00:09,  1.13it/s]
 29%|██▊       | 4/14 [00:03<00:09,  1.10it/s]
 36%|███▌      | 5/14 [00:04<00:08,  1.07it/s]
 43%|████▎     | 6/14 [00:05<00:07,  1.05it/s]
 50%|█████     | 7/14 [00:06<00:06,  1.12it/s]
 57%|█████▋    | 8/14 [00:07<00:05,  1.17it/s]
 64%|██████▍   | 9/14 [00:07<00:04,  1.21it/s]
 71%|███████▏  | 10/14 [00:08<00:03,  1.24it/s]
 79%|███████▊  | 11/14 [00:09<00:02,  1.14it/s]
 86%|████████▌ | 12/14 [00:10<00:01,  1.21it/s]
 93%|█████████▎| 13/14 [00:11<00:00,  1.24it/s]
100%|██████████| 14/14 [00:12<00:00,  1.26it/s]
100%|██████████| 14/14 [00:12<00:00,  1.17it/s]
Serializing braindecode dataset to free up memory...
Traceback (most recent call last):
  File "main_anakin_pre.py", line 24, in <module>
    run('config_anakin_preprocess')
  File "main_anakin_pre.py", line 16, in run
    pre.run_preprocess(params, global_params)
  File "/lhome/oskarsto/repos/master-eeg-trans/DECCaTNet/preprocessing/preprocess.py", line 677, in run_preprocess
    idx_list = _read_raw(ds_params, global_params)
  File "/lhome/oskarsto/repos/master-eeg-trans/DECCaTNet/preprocessing/preprocess.py", line 453, in _read_raw
    dataset = ds_load_func(ds_params, global_params)
  File "/lhome/oskarsto/repos/master-eeg-trans/DECCaTNet/preprocessing/load_dataset.py", line 127, in load_raw_bciciv_1
    concat_dataset.save(ds_params["preproc_save_dir"], overwrite=True)
  File "/lhome/oskarsto/repos/master-eeg-trans/.venv/lib/python3.8/site-packages/braindecode/datasets/base.py", line 534, in save
    path_contents = os.listdir(path)
FileNotFoundError: [Errno 2] No such file or directory: '/lhome/oskarsto/repos/master-eeg-trans/datasets/bciciv_1/preprocessed/first_preproc'
